1577911057.969912 client started (37846): version 3.0a, socket /private/tmp/tmux-501/default, protocol 8
1577911057.969965 on Darwin 19.2.0 Darwin Kernel Version 19.2.0: Sat Nov  9 03:47:04 PST 2019; root:xnu-6153.61.1~20/RELEASE_X86_64; libevent 2.1.11-stable (select)
1577911057.970007 socket is /private/tmp/tmux-501/default
1577911057.970029 trying connect
1577911057.970140 add peer 0x10a722000: 6 (0x0)
1577911057.971346 sending message 100 to peer 0x10a722000 (4 bytes)
1577911057.971370 sending message 101 to peer 0x10a722000 (20 bytes)
1577911057.971379 sending message 102 to peer 0x10a722000 (13 bytes)
1577911057.971386 sending message 108 to peer 0x10a722000 (24 bytes)
1577911057.971401 sending message 104 to peer 0x10a722000 (0 bytes)
1577911057.971409 sending message 107 to peer 0x10a722000 (4 bytes)
1577911057.971416 sending message 105 to peer 0x10a722000 (47 bytes)
1577911057.971423 sending message 105 to peer 0x10a722000 (43 bytes)
1577911057.971430 sending message 105 to peer 0x10a722000 (11 bytes)
1577911057.971437 sending message 105 to peer 0x10a722000 (28 bytes)
1577911057.971444 sending message 105 to peer 0x10a722000 (19 bytes)
1577911057.971451 sending message 105 to peer 0x10a722000 (38 bytes)
1577911057.971458 sending message 105 to peer 0x10a722000 (15 bytes)
1577911057.971465 sending message 105 to peer 0x10a722000 (29 bytes)
1577911057.971472 sending message 105 to peer 0x10a722000 (27 bytes)
1577911057.971479 sending message 105 to peer 0x10a722000 (21 bytes)
1577911057.971487 sending message 105 to peer 0x10a722000 (3164 bytes)
1577911057.971507 sending message 105 to peer 0x10a722000 (54 bytes)
1577911057.971514 sending message 105 to peer 0x10a722000 (28 bytes)
1577911057.971521 sending message 105 to peer 0x10a722000 (16 bytes)
1577911057.971528 sending message 105 to peer 0x10a722000 (18 bytes)
1577911057.971535 sending message 105 to peer 0x10a722000 (15 bytes)
1577911057.971542 sending message 105 to peer 0x10a722000 (8 bytes)
1577911057.971549 sending message 105 to peer 0x10a722000 (66 bytes)
1577911057.971556 sending message 105 to peer 0x10a722000 (25 bytes)
1577911057.971563 sending message 105 to peer 0x10a722000 (28 bytes)
1577911057.971570 sending message 105 to peer 0x10a722000 (25 bytes)
1577911057.971577 sending message 105 to peer 0x10a722000 (53 bytes)
1577911057.971584 sending message 105 to peer 0x10a722000 (57 bytes)
1577911057.971591 sending message 105 to peer 0x10a722000 (42 bytes)
1577911057.971597 sending message 105 to peer 0x10a722000 (14 bytes)
1577911057.971604 sending message 105 to peer 0x10a722000 (54 bytes)
1577911057.971611 sending message 105 to peer 0x10a722000 (12 bytes)
1577911057.971618 sending message 105 to peer 0x10a722000 (14 bytes)
1577911057.971625 sending message 105 to peer 0x10a722000 (19 bytes)
1577911057.971632 sending message 105 to peer 0x10a722000 (19 bytes)
1577911057.971639 sending message 105 to peer 0x10a722000 (17 bytes)
1577911057.971646 sending message 105 to peer 0x10a722000 (22 bytes)
1577911057.971653 sending message 106 to peer 0x10a722000 (0 bytes)
1577911057.971663 sending message 200 to peer 0x10a722000 (4 bytes)
1577911057.971670 client loop enter
1577911057.971945 peer 0x10a722000 message 211
1577911057.971963 client_write: sessions should be nested with care, unset $TMUX to force\n
1577911057.971986 peer 0x10a722000 message 203
1577911057.971995 client loop exit
